demo/Android/proguard/seeds.txt
net.hockeyapp.android.demo.MainActivity
...
net.hockeyapp.android.UpdateActivity: void onClickUpdate(android.view.View)
net.hockeyapp.android.UpdateActivity
net.hockeyapp.android.UpdateActivity