demo/Android/proguard/mapping.txt
net.hockeyapp.android.demo.MainActivity -> net.hockeyapp.android.demo.MainActivity:
    net.hockeyapp.android.CheckUpdateTask checkUpdateTask -> a
    void onCreate(android.os.Bundle) -> onCreate
    void onResume() -> onResume
    java.lang.Object onRetainNonConfigurationInstance() -> onRetainNonConfigurationInstance
...
net.hockeyapp.android.CheckUpdateTask -> net.hockeyapp.android.o:
    android.content.Context context -> a
    java.lang.String urlString -> b
    java.lang.String appIdentifier -> c
    void attach(android.content.Context) -> a
    void detach() -> a
    org.json.JSONArray doInBackground$4d6d4ee6() -> b
    java.lang.String getURLString(java.lang.String) -> a
    java.lang.String convertStreamToString(java.io.InputStream) -> a
    void onPostExecute(java.lang.Object) -> onPostExecute
    java.lang.Object doInBackground(java.lang.Object[]) -> doInBackground
    android.content.Context access$2(net.hockeyapp.android.CheckUpdateTask) -> a
    java.lang.String access$3(net.hockeyapp.android.CheckUpdateTask,java.lang.String) -> a
net.hockeyapp.android.CheckUpdateTask$1 -> net.hockeyapp.android.q:
    net.hockeyapp.android.CheckUpdateTask this$0 -> a
    void onClick(android.content.DialogInterface,int) -> onClick
net.hockeyapp.android.CheckUpdateTask$2 -> net.hockeyapp.android.r:
    net.hockeyapp.android.CheckUpdateTask this$0 -> a
    org.json.JSONArray val$updateInfo -> b
    void onClick(android.content.DialogInterface,int) -> onClick
net.hockeyapp.android.Constants -> net.hockeyapp.android.c:
    java.lang.String FILES_PATH -> a
    java.lang.String APP_VERSION -> b
    java.lang.String APP_PACKAGE -> c
    java.lang.String ANDROID_VERSION -> d
    java.lang.String PHONE_MODEL -> e
    java.lang.String PHONE_MANUFACTURER -> f
    java.lang.String TAG -> g
    void loadFromContext(android.content.Context) -> a
net.hockeyapp.android.CrashManager -> net.hockeyapp.android.f:
    java.lang.String identifier -> a
    java.lang.String urlString -> b
    void register(android.content.Context,java.lang.String,java.lang.String) -> a
    void registerHandler() -> b
    void deleteStackTraces(android.content.Context) -> a
    void submitStackTraces(android.content.Context) -> b
    java.lang.String[] searchForStackTraces() -> c
    void access$0() -> a
net.hockeyapp.android.CrashManager$1 -> net.hockeyapp.android.i:
    android.content.Context val$context -> a
    void onClick(android.content.DialogInterface,int) -> onClick
net.hockeyapp.android.CrashManager$2 -> net.hockeyapp.android.m:
    android.content.Context val$context -> a
    void onClick(android.content.DialogInterface,int) -> onClick
net.hockeyapp.android.CrashManager$2$1 -> net.hockeyapp.android.h:
    net.hockeyapp.android.CrashManager$2 this$1 -> a
    android.content.Context val$context -> b
    void run() -> run
net.hockeyapp.android.CrashManager$3 -> net.hockeyapp.android.b:
    boolean accept(java.io.File,java.lang.String) -> accept
net.hockeyapp.android.ExceptionHandler -> net.hockeyapp.android.p:
    java.lang.Thread$UncaughtExceptionHandler defaultExceptionHandler -> a
    void uncaughtException(java.lang.Thread,java.lang.Throwable) -> uncaughtException
net.hockeyapp.android.R -> net.hockeyapp.android.j:
net.hockeyapp.android.R$id -> net.hockeyapp.android.l:
    int header_view -> a
    int icon_view -> b
    int version_label -> c
net.hockeyapp.android.R$layout -> net.hockeyapp.android.s:
    int update_view -> a
net.hockeyapp.android.R$string -> net.hockeyapp.android.n:
    int crash_dialog_message -> a
    int crash_dialog_negative_button -> b
    int crash_dialog_positive_button -> c
    int crash_dialog_title -> d
    int download_failed_dialog_message -> e
    int download_failed_dialog_negative_button -> f
    int download_failed_dialog_positive_button -> g
    int download_failed_dialog_title -> h
    int update_dialog_message -> i
    int update_dialog_negative_button -> j
    int update_dialog_positive_button -> k
    int update_dialog_title -> l